Se cambió el contexto de la base de datos a 'Datos'.
samonto       
--------------
      21616.00
      52626.00
      60606.00
      92626.00
      42626.00
      20606.00
     110606.00
      60606.00
     111616.00
      20606.00
      80606.00
      92626.00
      91616.00
      30606.00
      72626.00
     120606.00
      81616.00
      62626.00
      31616.00
      52626.00
      90606.00
      20606.00
      72626.00
      70606.00
     100606.00
      21616.00
      21616.00
      90606.00
      52626.00
     111616.00
      90606.00
     102626.00
      41616.00
      41616.00
      22626.00
      72626.00
      80606.00
      20606.00
      42626.00
     100606.00
      60606.00
     102626.00
      21616.00
     111616.00
      12626.00
      30606.00
      91616.00
      11616.00
      71616.00
      71616.00
     111616.00
      20606.00
     121616.00
      62626.00
     111616.00
      71616.00
      62626.00
     110606.00
      90606.00
      11616.00
      72626.00
      90606.00
      90606.00
      12626.00
      81616.00
      11616.00
      50606.00
      50606.00
      62626.00
     112626.00
      82626.00
      31616.00
     112626.00
      32626.00
     100606.00
      50606.00
      90606.00
     111616.00
     100606.00
      41616.00
     111616.00
      80606.00
      30606.00
     121616.00
     102626.00
      71616.00
      30606.00
      62626.00
      60606.00
      10606.00
      42626.00
      30606.00
     112626.00
      21616.00
     120606.00
     102626.00
      42626.00
      30606.00
     111616.00
      70606.00
      20606.00
      52626.00
      52626.00
      32626.00
      41616.00
      21616.00
      31616.00
      32626.00
      11616.00
      81616.00
      50606.00
      52626.00
      10606.00
      81616.00
     120606.00
      91616.00
      52626.00
     111616.00
      81616.00
      10606.00
      21616.00
      50606.00
      41616.00
      51616.00
     120606.00
      70606.00
     100606.00
      31616.00
      31616.00
      51616.00
      61616.00
      62626.00
      62626.00
      40606.00
      72626.00
     100606.00
      41616.00
      52626.00
      80606.00
      90606.00
      82626.00
      42626.00
      22626.00
     112626.00
      22626.00
     100606.00
      62626.00
      80606.00
      52626.00
     120606.00
      90606.00
      22626.00
      60606.00
     100606.00
      92626.00
      50606.00
     101616.00
      11616.00
      91616.00
      70606.00
      21616.00
      90606.00
      31616.00
      51616.00
      92626.00
      90606.00
      92626.00
      40606.00
      82626.00
      62626.00
     112626.00
      41616.00
      42626.00
      82626.00
      90606.00
      71616.00
      21616.00
      92626.00
      91616.00
      62626.00
      20606.00
      30606.00
      80606.00
     120606.00
      50606.00
      61616.00
      71616.00
     100606.00
      41616.00
      31616.00
      82626.00
      21616.00
     100606.00
      80606.00
     100606.00
      32626.00
      91616.00
      82626.00
      22626.00
      82626.00
     112626.00
      61616.00
      52626.00
      82626.00
     112626.00
      50606.00
      10606.00
      90606.00
      90606.00
      92626.00
      80606.00
      82626.00
      41616.00
      31616.00
     101616.00
     111616.00
     102626.00
      20606.00
      51616.00
      92626.00
      42626.00
     100606.00
      30606.00
      82626.00
      30606.00
      32626.00
     121616.00
      10606.00
      22626.00
      50606.00
      92626.00
      91616.00
      62626.00
      41616.00
     121616.00
      82626.00
     101616.00
      30606.00
      42626.00
      40606.00
      31616.00
      91616.00
      52626.00
     100606.00
      92626.00
      80606.00
      30606.00
      80606.00
      91616.00
      52626.00
      51616.00
      90606.00
     121616.00
      80606.00
      12626.00
      80606.00
      70606.00
      71616.00
      11616.00
      52626.00
      51616.00
      41616.00
      50606.00
      40606.00
      40606.00
     101616.00
      22626.00
      30606.00
      81616.00
      42626.00
      72626.00
      90606.00
      21616.00
      62626.00
      72626.00
      61616.00
      50606.00
      20606.00
      52626.00
      51616.00
      52626.00
      42626.00
     121616.00
      31616.00
      41616.00
      91616.00
     102626.00
      41616.00
      70606.00
      61616.00
      72626.00
      92626.00
      80606.00
     120606.00
      60606.00
      82626.00
      41616.00
      52626.00
     111616.00
      71616.00
      81616.00
      90606.00
      22626.00
     102626.00
     110606.00
      51616.00
      81616.00
      91616.00
      81616.00
      82626.00
     121616.00
      91616.00
      20606.00
      20606.00
      71616.00
     111616.00
      82626.00
      32626.00
      10606.00
      91616.00
      92626.00
     112626.00
     110606.00
      51616.00
     101616.00
      92626.00
      91616.00
     112626.00
      50606.00
      20606.00
      80606.00
      21616.00
     121616.00
      42626.00
     101616.00
      72626.00
     101616.00
      90606.00
      50606.00
      90606.00
      22626.00
      62626.00
      12626.00
     111616.00
     112626.00
      72626.00
      11616.00
     120606.00
      60606.00
      51616.00
      82626.00
      50606.00
      41616.00
      42626.00
      91616.00
      80606.00
      50606.00
      81616.00
      81616.00
      22626.00
      90606.00
      11616.00
      72626.00
      82626.00
      42626.00
      30606.00
      92626.00
      52626.00
      62626.00
     120606.00
      82626.00
      11616.00
      51616.00
      90606.00
      82626.00
      61616.00
      90606.00
     121616.00
     111616.00
      31616.00
      31616.00
      80606.00
      31616.00
      21616.00
     112626.00
      21616.00
     112626.00
      70606.00
      90606.00
      51616.00
      92626.00
      61616.00
      71616.00
      62626.00
      10606.00
     120606.00
      91616.00
      30606.00
      51616.00
     110606.00
      32626.00
      60606.00
     111616.00
      42626.00
      40606.00
      70606.00
      42626.00
     121616.00
      62626.00
      31616.00
      70606.00
      92626.00
      31616.00
      70606.00
      92626.00
      12626.00
      51616.00
     121616.00
      52626.00
      22626.00
      51616.00
      92626.00
      21616.00
      41616.00
      52626.00
     121616.00
      81616.00
      82626.00
      21616.00
      11616.00
      41616.00
      81616.00
      10606.00
      21616.00
      31616.00
      41616.00
     120606.00
      62626.00
      41616.00
      21616.00
      52626.00
     102626.00
      22626.00
      21616.00
      51616.00
      71616.00
      42626.00
      72626.00
      82626.00
      92626.00
     121616.00
      51616.00
     121616.00
     112626.00
      30606.00
      21616.00
      92626.00
      72626.00
      90606.00
      20606.00
      42626.00
      51616.00
      51616.00
      51616.00
      30606.00
      91616.00
      81616.00
     102626.00
      81616.00
      11616.00
      72626.00
      92626.00
      60606.00
      70606.00
      92626.00
     110606.00
      60606.00
      50606.00
     101616.00
      90606.00
      40606.00
      60606.00
      81616.00
      91616.00
     121616.00
      10606.00
      61616.00
      30606.00
      21616.00
      62626.00
      62626.00
     102626.00
      70606.00
      62626.00
      50606.00
      61616.00
      51616.00
     112626.00
      42626.00
     110606.00
      92626.00
      92626.00
      20606.00
     121616.00
      91616.00
      91616.00
      61616.00
      22626.00
      72626.00
      62626.00
      72626.00
      20606.00
     102626.00
      42626.00
      52626.00
      92626.00
      90606.00
      62626.00
      51616.00
      22626.00
     121616.00
      60606.00
      92626.00
      32626.00
      51616.00
      10606.00
     110606.00
     112626.00
      21616.00
      61616.00
      10606.00
      32626.00
      80606.00
     112626.00
      61616.00
      82626.00
     121616.00
      42626.00
      52626.00
      31616.00
      62626.00
     120606.00
      30606.00
      80606.00
      92626.00
      90606.00
      72626.00
      90606.00
      82626.00
     101616.00
      42626.00
     102626.00
     102626.00
     112626.00
      72626.00
      91616.00
     111616.00
      22626.00
      42626.00
      80606.00
      51616.00
      90606.00
     101616.00
      52626.00
      80606.00
      62626.00
      61616.00
      10606.00
      41616.00
     100606.00
      41616.00
      70606.00
      60606.00
      80606.00
      62626.00
     111616.00
      31616.00
     100606.00
      10606.00
      80606.00
      81616.00
      92626.00
      82626.00
     100606.00
     100606.00
     101616.00
      72626.00
      70606.00
      22626.00
     102626.00
      91616.00
      51616.00
      31616.00
      52626.00
     101616.00
      32626.00
      50606.00
      51616.00
     101616.00
      11616.00
     112626.00
      30606.00
      90606.00
     100606.00
      40606.00
     112626.00
      81616.00
      61616.00
      81616.00
      82626.00
      60606.00
      82626.00
      20606.00
      12626.00
      60606.00
      90606.00
      90606.00
     120606.00
      50606.00
      72626.00
      52626.00
      12626.00
     120606.00
      90606.00
      70606.00
      71616.00
      61616.00
      22626.00
      90606.00
      52626.00
     110606.00
     101616.00
      40606.00
      32626.00
     101616.00
     121616.00
      50606.00
      10606.00
     120606.00
      61616.00
      72626.00
      12626.00
      80606.00
      21616.00
     101616.00
      80606.00
      80606.00
     100606.00
      60606.00
      41616.00
      52626.00
      31616.00
      61616.00
     111616.00
      61616.00
     112626.00
      42626.00
      11616.00
      21616.00
      10606.00
      51616.00
      22626.00
      71616.00
      81616.00
      20606.00
      70606.00
      70606.00
      20606.00
      41616.00
      81616.00
     101616.00
      30606.00
      72626.00
      82626.00
      80606.00
     112626.00
      72626.00
     102626.00
      71616.00
      70606.00
     101616.00
     100606.00
     111616.00
      52626.00
     101616.00
      90606.00
     110606.00
      72626.00
     121616.00
      72626.00
      51616.00
      22626.00
     102626.00
      61616.00
     101616.00
      21616.00
      22626.00
      21616.00
     102626.00
      10606.00
     102626.00
     112626.00
      72626.00
      80606.00
     100606.00
      21616.00
      21616.00
     101616.00
      61616.00
      72626.00
      80606.00
      42626.00
     120606.00
     100606.00
      10606.00
      90606.00
      32626.00
      90606.00
      50606.00
      52626.00
      61616.00
     121616.00
     102626.00
      91616.00
      12626.00
      52626.00
      50606.00
      82626.00
     120606.00
      51616.00
      10606.00
      21616.00
     102626.00
      81616.00
      42626.00
      80606.00
     120606.00
     102626.00
      62626.00
      71616.00
      62626.00
      60606.00
     100606.00
      52626.00
      81616.00
      82626.00
      92626.00
      41616.00
      51616.00
      72626.00
      92626.00
      70606.00
     100606.00
      91616.00
      71616.00
      80606.00
      72626.00
      52626.00
      40606.00
      22626.00
      91616.00
      50606.00
      60606.00
      72626.00
      62626.00
      20606.00
      11616.00
      81616.00
     121616.00
      21616.00
      70606.00
      30606.00
      71616.00
      42626.00
     120606.00
      81616.00
      61616.00
      61616.00
     101616.00
      61616.00
     100606.00
     111616.00
      50606.00
      90606.00
      90606.00
     111616.00
      12626.00
      92626.00
      31616.00
     112626.00
      71616.00
      52626.00
      41616.00
      10606.00
      61616.00
      10606.00
      61616.00
      90606.00
     111616.00
     100606.00
      42626.00
      50606.00
      32626.00
     111616.00
      92626.00
      11616.00
      42626.00
      42626.00
      61616.00
      51616.00
      62626.00
      82626.00
      21616.00
      91616.00
      30606.00
      10606.00
      41616.00
      20606.00
     110606.00
      80606.00
     120606.00
      72626.00
      80606.00
      92626.00
      91616.00
      52626.00
      71616.00
      70606.00
      20606.00
      81616.00
      70606.00
      81616.00
      51616.00
      92626.00
      72626.00
      60606.00
     120606.00
      61616.00
      80606.00
      80606.00
      21616.00
      60606.00
     121616.00
      42626.00
     112626.00
      81616.00
      70606.00
     101616.00
      80606.00
     101616.00
     121616.00
     101616.00
      30606.00
      52626.00
      81616.00
      62626.00
      80606.00
      22626.00
      71616.00
     111616.00
      30606.00
     102626.00
     111616.00
      32626.00
      32626.00
      32626.00
      71616.00
      91616.00
      42626.00
      61616.00
      20606.00
      30606.00
      52626.00
      20606.00
     100606.00
      60606.00
      51616.00
     110606.00
     111616.00
     100606.00
     112626.00
      21616.00
      61616.00
      42626.00
      82626.00
      80606.00
      91616.00
      62626.00
      52626.00
      11616.00
      40606.00
      60606.00
      40606.00
     111616.00
      41616.00
      72626.00
     112626.00
      81616.00
      50606.00
      81616.00
      90606.00
      31616.00
      92626.00
      80606.00
      12626.00
      91616.00
     110606.00
      70606.00
     100606.00
      10606.00
      81616.00
      82626.00
      91616.00
      92626.00
      90606.00
      52626.00
      72626.00
      90606.00
      41616.00
      30606.00
     110606.00
      70606.00
      31616.00
      80606.00
      42626.00
      90606.00
      91616.00
      51616.00
      31616.00
      81616.00
      11616.00
      21616.00
     102626.00
     101616.00
      52626.00
      20606.00
      60606.00
      10606.00
     100606.00
      51616.00
     101616.00
      41616.00
      52626.00
     112626.00
     102626.00
      50606.00
     100606.00
      62626.00
      21616.00
      92626.00
     112626.00
     111616.00
      82626.00
      82626.00
      80606.00
      62626.00
      62626.00
      52626.00
      90606.00
      22626.00
     112626.00
     121616.00
      71616.00
      82626.00
     112626.00
      81616.00
      42626.00
      51616.00
      91616.00
     102626.00
      80606.00
      10606.00
     112626.00
      51616.00
      71616.00
     121616.00
      60606.00
      30606.00
      30606.00
      21616.00
      70606.00
     121616.00
     101616.00
      81616.00
      32626.00
      90606.00
      22626.00
      30606.00
      61616.00
      82626.00
      52626.00
      90606.00
      11616.00
      51616.00
      90606.00
      91616.00
      62626.00
      90606.00
      50606.00
      50606.00
      50606.00
     111616.00
     120606.00
     112626.00
      81616.00
     102626.00
     111616.00
     120606.00
      41616.00
      41616.00
      52626.00
     111616.00
      52626.00
      21616.00
      41616.00
      82626.00
      20606.00
      92626.00
     102626.00
      70606.00
      61616.00
      31616.00
     101616.00
     112626.00
      30606.00
      52626.00
     110606.00
      62626.00
      31616.00
      80606.00
      12626.00
     100606.00
      80606.00
      91616.00
      61616.00
      80606.00
      30606.00
      72626.00
     111616.00
      31616.00
      82626.00
      51616.00
      32626.00
     120606.00
      41616.00
     121616.00
     102626.00
      32626.00
      51616.00
      52626.00
      22626.00
      52626.00
      22626.00
      92626.00
      91616.00
      82626.00
      61616.00
      20606.00
     112626.00
      90606.00
      41616.00
      22626.00
      41616.00
     101616.00
     112626.00
      20606.00
      31616.00
      81616.00
      92626.00
     101616.00
     100606.00
      72626.00
      72626.00
      61616.00
      92626.00
      41616.00
      91616.00
     111616.00
      61616.00
      91616.00
      90606.00
      10606.00
     102626.00
      80606.00
      80606.00
      62626.00
      42626.00
      51616.00
      12626.00
      91616.00
      41616.00
     100606.00
      82626.00
      72626.00
     100606.00
     100606.00
      72626.00
      92626.00
     100606.00
     110606.00
      42626.00
     101616.00
      32626.00
      42626.00
      20606.00
     102626.00
      80606.00
      91616.00
     112626.00
      81616.00
      40606.00
      41616.00
      60606.00
      82626.00
     121616.00
     112626.00
      90606.00
     111616.00
      41616.00
      31616.00
      30606.00
     100606.00
      52626.00
      62626.00
      42626.00
      82626.00
      51616.00
      42626.00
      92626.00
     121616.00
      80606.00
      82626.00
      30606.00
     102626.00
      72626.00
      30606.00
      80606.00
      32626.00
      42626.00
      80606.00
      41616.00
      32626.00
      52626.00
      60606.00
      80606.00
      20606.00
      52626.00
     120606.00
     111616.00
      41616.00
      32626.00
     121616.00
      60606.00
      92626.00
      91616.00
      41616.00
      70606.00
      81616.00
     120606.00
     100606.00
     101616.00
      62626.00
     121616.00
      22626.00
      21616.00
      61616.00
     121616.00
      30606.00
      30606.00
      41616.00
      31616.00
      41616.00
      61616.00
      61616.00
     101616.00
      51616.00
      91616.00
      52626.00
      92626.00
      20606.00
      82626.00
      90606.00
      30606.00
      41616.00
     112626.00
      32626.00
     120606.00
     112626.00
      70606.00
      62626.00
     100606.00
     101616.00
      92626.00
      61616.00
      91616.00
      61616.00
      51616.00
      61616.00
      51616.00
     110606.00
      92626.00
      92626.00
     100606.00
      82626.00
      72626.00
      50606.00
     102626.00
      51616.00
     112626.00
      90606.00
      41616.00
      81616.00
      20606.00
      62626.00
      30606.00
      60606.00
      30606.00
      92626.00
      62626.00
      51616.00
      62626.00
      11616.00
      71616.00
     112626.00
      80606.00
      42626.00
     112626.00
      81616.00
      80606.00
      92626.00
      32626.00
      81616.00
     102626.00
      90606.00
      30606.00
     112626.00
      82626.00
      20606.00
     121616.00
     111616.00
      10606.00
     101616.00
     101616.00
      31616.00
     111616.00
      20606.00
      32626.00
      61616.00
      12626.00
      11616.00
      30606.00
      91616.00
      11616.00
      52626.00
      90606.00
      41616.00
     112626.00
      72626.00
      92626.00
     112626.00
      60606.00
      40606.00
     100606.00
      50606.00
      22626.00
      71616.00
      42626.00
     111616.00
      31616.00
      62626.00
      81616.00
      80606.00
      41616.00
      41616.00
      50606.00
      90606.00
      92626.00
      30606.00
      42626.00
      11616.00
     101616.00
      80606.00
      31616.00
     100606.00
      20606.00
      90606.00
      90606.00
     120606.00
      12626.00
     112626.00
      71616.00
      22626.00
     111616.00
      42626.00
     121616.00
      21616.00
      41616.00
      90606.00
      90606.00
      80606.00
      21616.00
     100606.00
      71616.00
      82626.00
     120606.00
      42626.00
      61616.00
      92626.00
     110606.00
      60606.00
      10606.00
      22626.00
      91616.00
      31616.00
     101616.00
      50606.00
      20606.00
      92626.00
     120606.00
      92626.00
      42626.00
      41616.00
      72626.00
     100606.00
      41616.00
      41616.00
     100606.00
      71616.00
     112626.00
      91616.00
      50606.00
      80606.00
      10606.00
      42626.00
      12626.00
      72626.00
      82626.00
      30606.00
      92626.00
      52626.00
      52626.00
     110606.00
      91616.00
      52626.00
     121616.00
      31616.00
     101616.00
     120606.00
      62626.00
      72626.00
      31616.00
      52626.00
     120606.00
      90606.00
     121616.00
      81616.00
      61616.00
      42626.00
     101616.00
      61616.00
      70606.00
     111616.00
     112626.00
      90606.00
      91616.00
      62626.00
      30606.00
      61616.00
      52626.00
      11616.00
      91616.00
      90606.00
      90606.00
      80606.00
     111616.00
      82626.00
      81616.00
      62626.00
      90606.00
      20606.00
      90606.00
      52626.00
      61616.00
      91616.00
      41616.00
      60606.00
     121616.00
      20606.00
      10606.00
      21616.00
     100606.00
     102626.00
      92626.00
      21616.00
      31616.00
      91616.00
      42626.00
      92626.00
      32626.00
      12626.00
      82626.00
      20606.00
      20606.00
     112626.00
     102626.00
     101616.00
      70606.00
      51616.00
      50606.00
      72626.00
      61616.00
      10606.00
      70606.00
      81616.00
      70606.00
     121616.00
      42626.00
      70606.00
      81616.00
      20606.00
     112626.00
      60606.00
      80606.00
      80606.00
     100606.00
      21616.00
      92626.00
      12626.00
      91616.00
      21616.00
      82626.00
      42626.00
      80606.00
      91616.00
      30606.00
     121616.00
     112626.00
      82626.00
      91616.00
      91616.00
      62626.00
      82626.00
     112626.00
      22626.00
     100606.00
      90606.00
      31616.00
      81616.00
      60606.00
     102626.00
      91616.00
      42626.00
      72626.00
      82626.00
     102626.00
      80606.00
     102626.00
     112626.00
      62626.00
      31616.00
      42626.00
      92626.00
      81616.00
      42626.00
      41616.00
     100606.00
     102626.00
      32626.00
     102626.00
      61616.00
      90606.00
     100606.00
     100606.00
      51616.00
      52626.00
      51616.00
      81616.00
      62626.00
      51616.00
      60606.00
      11616.00
      62626.00
      80606.00
      80606.00
      70606.00
      52626.00
      72626.00
      42626.00
      81616.00
      72626.00
      52626.00
     102626.00
      42626.00
      80606.00
     100606.00
     110606.00
      42626.00
      92626.00
      21616.00
      80606.00
      70606.00
     121616.00
      41616.00
      11616.00
      80606.00
      61616.00
      31616.00
      32626.00
      80606.00
      30606.00
      61616.00
     110606.00
     121616.00
     111616.00
      62626.00
      20606.00
      61616.00
     111616.00
     111616.00
      11616.00
      92626.00
      62626.00
      32626.00
      52626.00
      70606.00
      32626.00
     112626.00
      12626.00
      71616.00
      72626.00
      40606.00
      80606.00
     102626.00
      42626.00
      32626.00
      80606.00
      42626.00
      60606.00
      71616.00
      30606.00
     120606.00
     100606.00
      70606.00
      82626.00
      60606.00
     101616.00
      61616.00
     102626.00
      22626.00
      92626.00
      52626.00
      91616.00
      90606.00
      31616.00
      80606.00
      81616.00
      50606.00
      81616.00
      60606.00
      11616.00
      31616.00
      80606.00
      81616.00
     121616.00
      41616.00
      91616.00
      42626.00
      62626.00
      51616.00
      50606.00
      21616.00
      81616.00
      60606.00
      20606.00
     120606.00
     102626.00
      71616.00
     120606.00
      92626.00
      92626.00
      41616.00
      22626.00
      81616.00
      80606.00
      52626.00
      62626.00
      82626.00
      62626.00
      51616.00
      21616.00
      60606.00
      31616.00
      60606.00
      81616.00
      81616.00
      91616.00
     101616.00
      50606.00
      91616.00
      60606.00
      92626.00
      12626.00
      62626.00
     100606.00
     112626.00
      50606.00
      92626.00
      51616.00
      50606.00
      30606.00
      22626.00
      61616.00
      82626.00
      62626.00
      90606.00
      81616.00
     111616.00
      32626.00
      41616.00
      60606.00
      42626.00
      80606.00
      31616.00
      21616.00
      40606.00
      62626.00
      62626.00
     112626.00
      61616.00
      32626.00
      71616.00
      90606.00
      91616.00
      12626.00
      70606.00
      52626.00
      11616.00
      62626.00
      21616.00
      22626.00
     100606.00
      30606.00
      82626.00
      81616.00
     112626.00
      52626.00
     101616.00
     110606.00
     101616.00
     100606.00
      61616.00
      42626.00
      20606.00
      12626.00
      21616.00
      51616.00
      61616.00
      51616.00
      31616.00
     112626.00
      41616.00
      32626.00
      30606.00
      51616.00
      70606.00
      72626.00
      71616.00
     102626.00
      11616.00
     121616.00
      90606.00
      42626.00
      20606.00
      81616.00
      12626.00
     101616.00
      41616.00
      21616.00
      12626.00
     112626.00
     110606.00
     112626.00
      10606.00
      12626.00
     112626.00
      11616.00
      20606.00
      71616.00
      70606.00
      51616.00
      50606.00
      32626.00
      41616.00
      20606.00
      41616.00
      41616.00
     102626.00
      20606.00
      92626.00
      51616.00
      50606.00
     102626.00
      61616.00
      92626.00
      50606.00
      62626.00
     101616.00
      61616.00
      50606.00
      20606.00
      41616.00
      50606.00
      72626.00
      62626.00
     111616.00
      61616.00
      32626.00
      20606.00
      30606.00
      51616.00
      71616.00
      91616.00
      60606.00
      82626.00
      91616.00
      70606.00
      42626.00
      62626.00
     112626.00
      90606.00
      71616.00
     110606.00
      90606.00
      11616.00
     112626.00
      41616.00
      42626.00
      61616.00
      30606.00
     101616.00
      62626.00
     111616.00
      52626.00
      92626.00
      82626.00
      60606.00
      52626.00
      41616.00
      42626.00
      32626.00
     111616.00
      91616.00
     112626.00
      42626.00
     102626.00
      82626.00
     112626.00
      32626.00
      70606.00

(1759 rows affected)
