Se cambió el contexto de la base de datos a 'DATOSOFIS'.
Código de juez Nombre y Apellidos                                                                                                                                                                                                                                             
-------------- ---------------------------------------------------------------------------------------------------------------------------------------------------------------------------------------------------------------------------------------------------------------
0776CONC01     Juez/a Conciliador/a                                                                                                                                                                                                                                           
0776JNUM01     Lizeth Gómez Gómez                                                                                                                                                                                                                                             
0776JNUM02     Floribeth Palacios Alvarado                                                                                                                                                                                                                                    
0776JNUM03     Edgar Leal Gómez                                                                                                                                                                                                                                               
0776JNUM04     Erika Andrea Rojas Chavarría                                                                                                                                                                                                                                   
0776JUEZ01     Ana Lucrecia Valverde Arguedas                                                                                                                                                                                                                                 
0776JUEZ02     Luis Fernando Guillén                                                                                                                                                                                                                                          
0776JUEZ03     Isacc Gabriel Pizarro Alvarez                                                                                                                                                                                                                                  
0776JUEZ04     Maria Sara Morales Matarrita                                                                                                                                                                                                                                   
0776JUEZ05     Fany Verónica Elizondo Murillo                                                                                                                                                                                                                                 
0776JUEZ06     José Angel Salazar Navas                                                                                                                                                                                                                                       
0776JUEZ07     David Ricardo Madrigal                                                                                                                                                                                                                                         
0776JUEZ08     Isabel Bertilia Zúñiga Pizarro                                                                                                                                                                                                                                 
0776JUEZ09     JUAN CARLOS SANCHEZ GARCIA                                                                                                                                                                                                                                     
0776JUEZ10     Gely Marcela Espinoza Gomez                                                                                                                                                                                                                                    
0776JUEZ11     Luis Alfonso Gonzalez Vargas                                                                                                                                                                                                                                   
0776JUEZ12     Carmen Cerdas Cisneros                                                                                                                                                                                                                                         
0776JUEZ13     Hazel Delgado Zeledon                                                                                                                                                                                                                                          
0776JUEZ14     Julieta Barboza Cordero                                                                                                                                                                                                                                        
0776JUEZ15     Marvin Arce Portuguez                                                                                                                                                                                                                                          
0776JUEZ16     Hector Luis Ruiz Salas                                                                                                                                                                                                                                         
0776JUEZ17     Alberto Solano Cordero                                                                                                                                                                                                                                         
0776JUEZ18     Karol Tatiana Gómez Moraga                                                                                                                                                                                                                                     
0776JUEZ19     Isacc Gabriel Pizarro Alvarez                                                                                                                                                                                                                                  
0776JUEZ20     Lic. Hector Luis Ruiz Salas                                                                                                                                                                                                                                    
0776JUEZ21     Alvaro Baudrit Barquero                                                                                                                                                                                                                                        
0776JUEZ22     Carlos Andrés Aguilar Arrieta                                                                                                                                                                                                                                  
0776JUEZ23     Proyecto Retraso Judicial                                                                                                                                                                                                                                      
0777CONC01     Juez/a Conciliador/a                                                                                                                                                                                                                                           
0777JNUM01     Lizeth Gómez Gómez                                                                                                                                                                                                                                             
0777JNUM02     Floribeth Palacios Alvarado                                                                                                                                                                                                                                    
0777JNUM03     Oscar Rodriguez Villalobos                                                                                                                                                                                                                                     
0777JNUM04     Erika Andrea Rojas Chavarría                                                                                                                                                                                                                                   
0777JUEZ01     Ana Lucrecia Valverde Arguedas                                                                                                                                                                                                                                 
0777JUEZ02     Luis Fernando Guillén                                                                                                                                                                                                                                          
0777JUEZ03     LIDIA MORALES DIAZ                                                                                                                                                                                                                                             
0777JUEZ04     Maria Sara Morales Matarrita                                                                                                                                                                                                                                   
0777JUEZ05     Fany Verónica Elizondo Murillo                                                                                                                                                                                                                                 
0777JUEZ06     José Angel Salazar Navas                                                                                                                                                                                                                                       
0777JUEZ07     David Ricardo Madrigal                                                                                                                                                                                                                                         
0777JUEZ08     Isabel Bertilia Zúñiga Pizarro                                                                                                                                                                                                                                 
0777JUEZ09     JUAN CARLOS SANCHEZ GARCIA                                                                                                                                                                                                                                     
0777JUEZ10     Lic. Alcibiades Jiménez García                                                                                                                                                                                                                                 
0777JUEZ11     Luis Alfonso Gonzalez Vargas                                                                                                                                                                                                                                   
0777JUEZ12     Carmen Cerdas Cisneros                                                                                                                                                                                                                                         
0777JUEZ13     Hazel Delgado Zeledon                                                                                                                                                                                                                                          
0777JUEZ14     Julieta Barboza Cordero                                                                                                                                                                                                                                        
0777JUEZ15     Marvin Arce Portuguez                                                                                                                                                                                                                                          
0777JUEZ16     Gely Marcela Espinoza Gomez                                                                                                                                                                                                                                    
0777JUEZ17     Alberto Solano Cordero                                                                                                                                                                                                                                         
0777JUEZ18     Karol Tatiana Gómez Moraga                                                                                                                                                                                                                                     
0777JUEZ19     Isacc Gabriel Pizarro Alvarez                                                                                                                                                                                                                                  
0777JUEZ20     Alejandra Pérez Cordero                                                                                                                                                                                                                                        
0777JUEZ21     Ferdinand Rojas Peralta                                                                                                                                                                                                                                        
0777JUEZ22     Lic. Guillermo Emilio Benavides Ruiz                                                                                                                                                                                                                           
0777JUEZ23     Proyecto Retraso Judicial                                                                                                                                                                                                                                      
0777JUEZ24     Lic. Alberto Cesar Juarez Gutierrez                                                                                                                                                                                                                            
0777JUEZ25     Licda. Ana Victoria Gomez Zuñiga                                                                                                                                                                                                                               
0777JUEZ26     Licda. Amadita Barrantes Delgado                                                                                                                                                                                                                               
0778CONC01     Juez/a Conciliador/a                                                                                                                                                                                                                                           
0778JNUM01     Olger Luis Castro Pacheco                                                                                                                                                                                                                                      
0778JNUM02     Carlos Arce Matarrita                                                                                                                                                                                                                                          
0778JNUM03     Marco Vinicio Alfaro Rodríguez                                                                                                                                                                                                                                 
0778JNUM04     Kevin De Los Angeles Leiva Masís                                                                                                                                                                                                                               
0778JUEZ01     BERTA LIDIETH ARAYA PORRAS                                                                                                                                                                                                                                     
0778JUEZ02     Luis Fernando Guillén                                                                                                                                                                                                                                          
0778JUEZ03     LIDIA MORALES DIAZ                                                                                                                                                                                                                                             
0778JUEZ05     Fany Verónica Elizondo Murillo                                                                                                                                                                                                                                 
0778JUEZ06     José Angel Salazar Navas                                                                                                                                                                                                                                       
0778JUEZ07     David Ricardo Madrigal                                                                                                                                                                                                                                         
0778JUEZ08     Isabel Bertilia Zúñiga Pizarro                                                                                                                                                                                                                                 
0778JUEZ09     JUAN CARLOS SANCHEZ GARCIA                                                                                                                                                                                                                                     
0778JUEZ10     José Pablo Monge Arguedas                                                                                                                                                                                                                                      
0778JUEZ11     Luis Alfonso Gonzalez Vargas                                                                                                                                                                                                                                   
0778JUEZ12     Carmen Cerdas Cisneros                                                                                                                                                                                                                                         
0778JUEZ13     Hazel Delgado Zeledon                                                                                                                                                                                                                                          
0778JUEZ14     Julieta Barboza Cordero                                                                                                                                                                                                                                        
0778JUEZ15     Marvin Arce Portuguez                                                                                                                                                                                                                                          
0778JUEZ16     José Pablo Monge Arguedas                                                                                                                                                                                                                                      
0778JUEZ17     Alberto Solano Cordero                                                                                                                                                                                                                                         
0778JUEZ18     Karol Tatiana Gómez Moraga                                                                                                                                                                                                                                     
0778JUEZ19     Mariana Otilia Corea Erazo                                                                                                                                                                                                                                     
0778JUEZ20     Alejandra Pérez Cordero                                                                                                                                                                                                                                        
0778JUEZ21     Alvaro Baudrit Barquero                                                                                                                                                                                                                                        
0778JUEZ22     Carlos Andrés Aguilar Arrieta                                                                                                                                                                                                                                  
0778JUEZ23     Proyecto Retraso Judicial                                                                                                                                                                                                                                      

(86 rows affected)
Se cambió el contexto de la base de datos a 'DATOSOFIS'.
Código de juez Nombre y Apellidos                                                                                                                                                                                                                                             
-------------- ---------------------------------------------------------------------------------------------------------------------------------------------------------------------------------------------------------------------------------------------------------------
0776CONC01     Juez/a Conciliador/a                                                                                                                                                                                                                                           
0776JNUM01     Lizeth Gómez Gómez                                                                                                                                                                                                                                             
0776JNUM02     Floribeth Palacios Alvarado                                                                                                                                                                                                                                    
0776JNUM03     Edgar Leal Gómez                                                                                                                                                                                                                                               
0776JNUM04     Erika Andrea Rojas Chavarría                                                                                                                                                                                                                                   
0776JUEZ01     Ana Lucrecia Valverde Arguedas                                                                                                                                                                                                                                 
0776JUEZ02     Luis Fernando Guillén                                                                                                                                                                                                                                          
0776JUEZ03     Isacc Gabriel Pizarro Alvarez                                                                                                                                                                                                                                  
0776JUEZ04     Maria Sara Morales Matarrita                                                                                                                                                                                                                                   
0776JUEZ05     Fany Verónica Elizondo Murillo                                                                                                                                                                                                                                 
0776JUEZ06     José Angel Salazar Navas                                                                                                                                                                                                                                       
0776JUEZ07     David Ricardo Madrigal                                                                                                                                                                                                                                         
0776JUEZ08     Isabel Bertilia Zúñiga Pizarro                                                                                                                                                                                                                                 
0776JUEZ09     JUAN CARLOS SANCHEZ GARCIA                                                                                                                                                                                                                                     
0776JUEZ10     Gely Marcela Espinoza Gomez                                                                                                                                                                                                                                    
0776JUEZ11     Luis Alfonso Gonzalez Vargas                                                                                                                                                                                                                                   
0776JUEZ12     Carmen Cerdas Cisneros                                                                                                                                                                                                                                         
0776JUEZ13     Hazel Delgado Zeledon                                                                                                                                                                                                                                          
0776JUEZ14     Julieta Barboza Cordero                                                                                                                                                                                                                                        
0776JUEZ15     Marvin Arce Portuguez                                                                                                                                                                                                                                          
0776JUEZ16     Hector Luis Ruiz Salas                                                                                                                                                                                                                                         
0776JUEZ17     Alberto Solano Cordero                                                                                                                                                                                                                                         
0776JUEZ18     Karol Tatiana Gómez Moraga                                                                                                                                                                                                                                     
0776JUEZ19     Isacc Gabriel Pizarro Alvarez                                                                                                                                                                                                                                  
0776JUEZ20     Lic. Hector Luis Ruiz Salas                                                                                                                                                                                                                                    
0776JUEZ21     Alvaro Baudrit Barquero                                                                                                                                                                                                                                        
0776JUEZ22     Carlos Andrés Aguilar Arrieta                                                                                                                                                                                                                                  
0776JUEZ23     Proyecto Retraso Judicial                                                                                                                                                                                                                                      
0777CONC01     Juez/a Conciliador/a                                                                                                                                                                                                                                           
0777JNUM01     Lizeth Gómez Gómez                                                                                                                                                                                                                                             
0777JNUM02     Floribeth Palacios Alvarado                                                                                                                                                                                                                                    
0777JNUM03     Oscar Rodriguez Villalobos                                                                                                                                                                                                                                     
0777JNUM04     Erika Andrea Rojas Chavarría                                                                                                                                                                                                                                   
0777JUEZ01     Ana Lucrecia Valverde Arguedas                                                                                                                                                                                                                                 
0777JUEZ02     Luis Fernando Guillén                                                                                                                                                                                                                                          
0777JUEZ03     LIDIA MORALES DIAZ                                                                                                                                                                                                                                             
0777JUEZ04     Maria Sara Morales Matarrita                                                                                                                                                                                                                                   
0777JUEZ05     Fany Verónica Elizondo Murillo                                                                                                                                                                                                                                 
0777JUEZ06     José Angel Salazar Navas                                                                                                                                                                                                                                       
0777JUEZ07     David Ricardo Madrigal                                                                                                                                                                                                                                         
0777JUEZ08     Isabel Bertilia Zúñiga Pizarro                                                                                                                                                                                                                                 
0777JUEZ09     JUAN CARLOS SANCHEZ GARCIA                                                                                                                                                                                                                                     
0777JUEZ10     Lic. Alcibiades Jiménez García                                                                                                                                                                                                                                 
0777JUEZ11     Luis Alfonso Gonzalez Vargas                                                                                                                                                                                                                                   
0777JUEZ12     Carmen Cerdas Cisneros                                                                                                                                                                                                                                         
0777JUEZ13     Hazel Delgado Zeledon                                                                                                                                                                                                                                          
0777JUEZ14     Julieta Barboza Cordero                                                                                                                                                                                                                                        
0777JUEZ15     Marvin Arce Portuguez                                                                                                                                                                                                                                          
0777JUEZ16     Gely Marcela Espinoza Gomez                                                                                                                                                                                                                                    
0777JUEZ17     Alberto Solano Cordero                                                                                                                                                                                                                                         
0777JUEZ18     Karol Tatiana Gómez Moraga                                                                                                                                                                                                                                     
0777JUEZ19     Isacc Gabriel Pizarro Alvarez                                                                                                                                                                                                                                  
0777JUEZ20     Alejandra Pérez Cordero                                                                                                                                                                                                                                        
0777JUEZ21     Ferdinand Rojas Peralta                                                                                                                                                                                                                                        
0777JUEZ22     Lic. Guillermo Emilio Benavides Ruiz                                                                                                                                                                                                                           
0777JUEZ23     Proyecto Retraso Judicial                                                                                                                                                                                                                                      
0777JUEZ24     Lic. Alberto Cesar Juarez Gutierrez                                                                                                                                                                                                                            
0777JUEZ25     Licda. Ana Victoria Gomez Zuñiga                                                                                                                                                                                                                               
0777JUEZ26     Licda. Amadita Barrantes Delgado                                                                                                                                                                                                                               
0778CONC01     Juez/a Conciliador/a                                                                                                                                                                                                                                           
0778JNUM01     Olger Luis Castro Pacheco                                                                                                                                                                                                                                      
0778JNUM02     Carlos Arce Matarrita                                                                                                                                                                                                                                          
0778JNUM03     Marco Vinicio Alfaro Rodríguez                                                                                                                                                                                                                                 
0778JNUM04     Kevin De Los Angeles Leiva Masís                                                                                                                                                                                                                               
0778JUEZ01     BERTA LIDIETH ARAYA PORRAS                                                                                                                                                                                                                                     
0778JUEZ02     Luis Fernando Guillén                                                                                                                                                                                                                                          
0778JUEZ03     LIDIA MORALES DIAZ                                                                                                                                                                                                                                             
0778JUEZ05     Fany Verónica Elizondo Murillo                                                                                                                                                                                                                                 
0778JUEZ06     José Angel Salazar Navas                                                                                                                                                                                                                                       
0778JUEZ07     David Ricardo Madrigal                                                                                                                                                                                                                                         
0778JUEZ08     Isabel Bertilia Zúñiga Pizarro                                                                                                                                                                                                                                 
0778JUEZ09     JUAN CARLOS SANCHEZ GARCIA                                                                                                                                                                                                                                     
0778JUEZ10     José Pablo Monge Arguedas                                                                                                                                                                                                                                      
0778JUEZ11     Luis Alfonso Gonzalez Vargas                                                                                                                                                                                                                                   
0778JUEZ12     Carmen Cerdas Cisneros                                                                                                                                                                                                                                         
0778JUEZ13     Hazel Delgado Zeledon                                                                                                                                                                                                                                          
0778JUEZ14     Julieta Barboza Cordero                                                                                                                                                                                                                                        
0778JUEZ15     Marvin Arce Portuguez                                                                                                                                                                                                                                          
0778JUEZ16     José Pablo Monge Arguedas                                                                                                                                                                                                                                      
0778JUEZ17     Alberto Solano Cordero                                                                                                                                                                                                                                         
0778JUEZ18     Karol Tatiana Gómez Moraga                                                                                                                                                                                                                                     
0778JUEZ19     Mariana Otilia Corea Erazo                                                                                                                                                                                                                                     
0778JUEZ20     Alejandra Pérez Cordero                                                                                                                                                                                                                                        
0778JUEZ21     Alvaro Baudrit Barquero                                                                                                                                                                                                                                        
0778JUEZ22     Carlos Andrés Aguilar Arrieta                                                                                                                                                                                                                                  
0778JUEZ23     Proyecto Retraso Judicial                                                                                                                                                                                                                                      

(86 rows affected)
